1653980625607	geckodriver	INFO	Listening on 127.0.0.1:55629
1653980625863	mozrunner::runner	INFO	Running command: "/Applications/Firefox.app/Contents/MacOS/firefox-bin" "--marionette" "--remote-debugging-port" "55630" "--remote-allow-hosts" "localhost" "-foreground" "-no-remote" "-profile" "/var/folders/bw/kj4ypc7d29q_2w1hhr57_ddm0000gn/T/rust_mozprofileYR8lGS"
1653980626467	Marionette	INFO	Marionette enabled
2022-05-31 15:03:46.477 plugin-container[26681:669064] nil host used in call to allowsSpecificHTTPSCertificateForHost
2022-05-31 15:03:46.478 plugin-container[26681:669064] nil host used in call to allowsAnyHTTPSCertificateForHost:
2022-05-31 15:03:46.559 plugin-container[26681:669064] nil host used in call to allowsSpecificHTTPSCertificateForHost
2022-05-31 15:03:46.559 plugin-container[26681:669064] nil host used in call to allowsAnyHTTPSCertificateForHost:
2022-05-31 15:03:46.559 plugin-container[26681:669070] nil host used in call to allowsSpecificHTTPSCertificateForHost
2022-05-31 15:03:46.559 plugin-container[26681:669070] nil host used in call to allowsAnyHTTPSCertificateForHost:
UNSUPPORTED (log once): POSSIBLE ISSUE: unit 1 GLD_TEXTURE_INDEX_2D is unloadable and bound to sampler type (Float) - using zero texture because texture unloadable
console.warn: SearchSettings: "get: No settings file exists, new profile?" (new NotFoundError("Could not open the file at /var/folders/bw/kj4ypc7d29q_2w1hhr57_ddm0000gn/T/rust_mozprofileYR8lGS/search.json.mozlz4", (void 0)))
console.error: BackgroundUpdate: 
  _reasonsToNotScheduleUpdates: Failed to check for Maintenance Service Registry Key: [Exception... "Component returned failure code: 0x80004001 (NS_ERROR_NOT_IMPLEMENTED) [nsIUpdateProcessor.getServiceRegKeyExists]"  nsresult: "0x80004001 (NS_ERROR_NOT_IMPLEMENTED)"  location: "JS frame :: resource://gre/modules/BackgroundUpdate.jsm :: _reasonsToNotScheduleUpdates :: line 241"  data: no]
DevTools listening on ws://localhost:55630/devtools/browser/867ee0c7-d054-4f5e-8752-de0430a3ee69
1653980627775	Marionette	INFO	Listening on port 55653
Read port: 55653
1653980627857	RemoteAgent	WARN	TLS certificate errors will be ignored for this session
1653980628538	Marionette	INFO	Stopped listening on port 55653
JavaScript warning: https://hectorstatic.baidu.com/96c9c06653ba892e.js, line 3: WEBGL_debug_renderer_info is deprecated in Firefox and will be removed. Please use RENDERER.

###!!! [Parent][PContentParent] Error: Send(msgname=PContent::Msg_DestroyBrowsingContextGroup) Closed channel: cannot send/recv


###!!! [Parent][PImageBridgeParent] Error: RunMessage(msgname=PImageBridge::Msg_WillClose) Channel closing: too late to send/recv, messages will be lost

1653980685108	geckodriver	INFO	Listening on 127.0.0.1:55932
1653980685116	mozrunner::runner	INFO	Running command: "/Applications/Firefox.app/Contents/MacOS/firefox-bin" "--marionette" "--remote-debugging-port" "55933" "--remote-allow-hosts" "localhost" "-foreground" "-no-remote" "-profile" "/var/folders/bw/kj4ypc7d29q_2w1hhr57_ddm0000gn/T/rust_mozprofileopmwru"
2022-05-31 15:04:45.360 plugin-container[26746:670295] nil host used in call to allowsSpecificHTTPSCertificateForHost
2022-05-31 15:04:45.360 plugin-container[26746:670295] nil host used in call to allowsAnyHTTPSCertificateForHost:
2022-05-31 15:04:45.364 plugin-container[26746:670295] nil host used in call to allowsSpecificHTTPSCertificateForHost
2022-05-31 15:04:45.364 plugin-container[26746:670295] nil host used in call to allowsAnyHTTPSCertificateForHost:
2022-05-31 15:04:45.364 plugin-container[26746:670301] nil host used in call to allowsSpecificHTTPSCertificateForHost
2022-05-31 15:04:45.364 plugin-container[26746:670301] nil host used in call to allowsAnyHTTPSCertificateForHost:
1653980685364	Marionette	INFO	Marionette enabled
UNSUPPORTED (log once): POSSIBLE ISSUE: unit 1 GLD_TEXTURE_INDEX_2D is unloadable and bound to sampler type (Float) - using zero texture because texture unloadable
console.warn: SearchSettings: "get: No settings file exists, new profile?" (new NotFoundError("Could not open the file at /var/folders/bw/kj4ypc7d29q_2w1hhr57_ddm0000gn/T/rust_mozprofileopmwru/search.json.mozlz4", (void 0)))
console.error: BackgroundUpdate: 
  _reasonsToNotScheduleUpdates: Failed to check for Maintenance Service Registry Key: [Exception... "Component returned failure code: 0x80004001 (NS_ERROR_NOT_IMPLEMENTED) [nsIUpdateProcessor.getServiceRegKeyExists]"  nsresult: "0x80004001 (NS_ERROR_NOT_IMPLEMENTED)"  location: "JS frame :: resource://gre/modules/BackgroundUpdate.jsm :: _reasonsToNotScheduleUpdates :: line 241"  data: no]
DevTools listening on ws://localhost:55933/devtools/browser/feff121a-6222-45b2-877b-dda396fd9655
1653980686354	Marionette	INFO	Listening on port 55950
Read port: 55950
1653980686889	Marionette	INFO	Stopped listening on port 55950

###!!! [Parent][PImageBridgeParent] Error: RunMessage(msgname=PImageBridge::Msg_WillClose) Channel closing: too late to send/recv, messages will be lost

1653980849391	geckodriver	INFO	Listening on 127.0.0.1:56659
1653980849397	mozrunner::runner	INFO	Running command: "/Applications/Firefox.app/Contents/MacOS/firefox-bin" "--marionette" "--remote-debugging-port" "56660" "--remote-allow-hosts" "localhost" "-foreground" "-no-remote" "-profile" "/var/folders/bw/kj4ypc7d29q_2w1hhr57_ddm0000gn/T/rust_mozprofileYFt1QT"
2022-05-31 15:07:29.646 plugin-container[26838:672292] nil host used in call to allowsSpecificHTTPSCertificateForHost
2022-05-31 15:07:29.646 plugin-container[26838:672292] nil host used in call to allowsAnyHTTPSCertificateForHost:
2022-05-31 15:07:29.648 plugin-container[26838:672292] nil host used in call to allowsSpecificHTTPSCertificateForHost
2022-05-31 15:07:29.649 plugin-container[26838:672292] nil host used in call to allowsAnyHTTPSCertificateForHost:
2022-05-31 15:07:29.649 plugin-container[26838:672294] nil host used in call to allowsSpecificHTTPSCertificateForHost
2022-05-31 15:07:29.649 plugin-container[26838:672294] nil host used in call to allowsAnyHTTPSCertificateForHost:
1653980849649	Marionette	INFO	Marionette enabled
UNSUPPORTED (log once): POSSIBLE ISSUE: unit 1 GLD_TEXTURE_INDEX_2D is unloadable and bound to sampler type (Float) - using zero texture because texture unloadable
console.warn: SearchSettings: "get: No settings file exists, new profile?" (new NotFoundError("Could not open the file at /var/folders/bw/kj4ypc7d29q_2w1hhr57_ddm0000gn/T/rust_mozprofileYFt1QT/search.json.mozlz4", (void 0)))
console.error: BackgroundUpdate: 
  _reasonsToNotScheduleUpdates: Failed to check for Maintenance Service Registry Key: [Exception... "Component returned failure code: 0x80004001 (NS_ERROR_NOT_IMPLEMENTED) [nsIUpdateProcessor.getServiceRegKeyExists]"  nsresult: "0x80004001 (NS_ERROR_NOT_IMPLEMENTED)"  location: "JS frame :: resource://gre/modules/BackgroundUpdate.jsm :: _reasonsToNotScheduleUpdates :: line 241"  data: no]
DevTools listening on ws://localhost:56660/devtools/browser/2eb82dc4-1f36-4884-a867-10ea97272798
1653980850611	Marionette	INFO	Listening on port 56673
Read port: 56673
JavaScript warning: https://hectorstatic.baidu.com/96c9c06653ba892e.js, line 3: WEBGL_debug_renderer_info is deprecated in Firefox and will be removed. Please use RENDERER.
1653981772684	geckodriver	INFO	Listening on 127.0.0.1:60656
1653981773205	mozrunner::runner	INFO	Running command: "/Applications/Firefox.app/Contents/MacOS/firefox-bin" "--marionette" "--remote-debugging-port" "60657" "--remote-allow-hosts" "localhost" "-foreground" "-no-remote" "-profile" "/var/folders/bw/kj4ypc7d29q_2w1hhr57_ddm0000gn/T/rust_mozprofileY14ftS"
2022-05-31 15:22:53.500 plugin-container[27173:680833] nil host used in call to allowsSpecificHTTPSCertificateForHost
2022-05-31 15:22:53.500 plugin-container[27173:680833] nil host used in call to allowsAnyHTTPSCertificateForHost:
1653981773504	Marionette	INFO	Marionette enabled
2022-05-31 15:22:53.549 plugin-container[27173:680833] nil host used in call to allowsSpecificHTTPSCertificateForHost
2022-05-31 15:22:53.549 plugin-container[27173:680833] nil host used in call to allowsAnyHTTPSCertificateForHost:
2022-05-31 15:22:53.550 plugin-container[27173:680839] nil host used in call to allowsSpecificHTTPSCertificateForHost
2022-05-31 15:22:53.550 plugin-container[27173:680839] nil host used in call to allowsAnyHTTPSCertificateForHost:
UNSUPPORTED (log once): POSSIBLE ISSUE: unit 1 GLD_TEXTURE_INDEX_2D is unloadable and bound to sampler type (Float) - using zero texture because texture unloadable
console.warn: SearchSettings: "get: No settings file exists, new profile?" (new NotFoundError("Could not open the file at /var/folders/bw/kj4ypc7d29q_2w1hhr57_ddm0000gn/T/rust_mozprofileY14ftS/search.json.mozlz4", (void 0)))
console.error: BackgroundUpdate: 
  _reasonsToNotScheduleUpdates: Failed to check for Maintenance Service Registry Key: [Exception... "Component returned failure code: 0x80004001 (NS_ERROR_NOT_IMPLEMENTED) [nsIUpdateProcessor.getServiceRegKeyExists]"  nsresult: "0x80004001 (NS_ERROR_NOT_IMPLEMENTED)"  location: "JS frame :: resource://gre/modules/BackgroundUpdate.jsm :: _reasonsToNotScheduleUpdates :: line 241"  data: no]
DevTools listening on ws://localhost:60657/devtools/browser/9afd0b11-ddfa-4caa-9415-744f95e32fd2
1653981774743	Marionette	INFO	Listening on port 60674
Read port: 60674
JavaScript warning: https://hectorstatic.baidu.com/96c9c06653ba892e.js, line 3: WEBGL_debug_renderer_info is deprecated in Firefox and will be removed. Please use RENDERER.
1653981777485	Marionette	INFO	Stopped listening on port 60674
1653981779876	Marionette	INFO	Stopped listening on port 56673

###!!! [Parent][PImageBridgeParent] Error: RunMessage(msgname=PImageBridge::Msg_WillClose) Channel closing: too late to send/recv, messages will be lost

1653981953050	geckodriver	INFO	Listening on 127.0.0.1:61208
1653981953057	mozrunner::runner	INFO	Running command: "/Applications/Firefox.app/Contents/MacOS/firefox-bin" "--marionette" "--remote-debugging-port" "61209" "--remote-allow-hosts" "localhost" "-foreground" "-no-remote" "-profile" "/var/folders/bw/kj4ypc7d29q_2w1hhr57_ddm0000gn/T/rust_mozprofileAIdjAA"
2022-05-31 15:25:53.421 plugin-container[27282:683677] nil host used in call to allowsSpecificHTTPSCertificateForHost
2022-05-31 15:25:53.421 plugin-container[27282:683677] nil host used in call to allowsAnyHTTPSCertificateForHost:
1653981953434	Marionette	INFO	Marionette enabled
2022-05-31 15:25:53.451 plugin-container[27282:683677] nil host used in call to allowsSpecificHTTPSCertificateForHost
2022-05-31 15:25:53.451 plugin-container[27282:683677] nil host used in call to allowsAnyHTTPSCertificateForHost:
2022-05-31 15:25:53.451 plugin-container[27282:683675] nil host used in call to allowsSpecificHTTPSCertificateForHost
2022-05-31 15:25:53.451 plugin-container[27282:683675] nil host used in call to allowsAnyHTTPSCertificateForHost:
UNSUPPORTED (log once): POSSIBLE ISSUE: unit 1 GLD_TEXTURE_INDEX_2D is unloadable and bound to sampler type (Float) - using zero texture because texture unloadable
console.warn: SearchSettings: "get: No settings file exists, new profile?" (new NotFoundError("Could not open the file at /var/folders/bw/kj4ypc7d29q_2w1hhr57_ddm0000gn/T/rust_mozprofileAIdjAA/search.json.mozlz4", (void 0)))
console.error: BackgroundUpdate: 
  _reasonsToNotScheduleUpdates: Failed to check for Maintenance Service Registry Key: [Exception... "Component returned failure code: 0x80004001 (NS_ERROR_NOT_IMPLEMENTED) [nsIUpdateProcessor.getServiceRegKeyExists]"  nsresult: "0x80004001 (NS_ERROR_NOT_IMPLEMENTED)"  location: "JS frame :: resource://gre/modules/BackgroundUpdate.jsm :: _reasonsToNotScheduleUpdates :: line 241"  data: no]
DevTools listening on ws://localhost:61209/devtools/browser/5854856d-1bc8-4b43-af5d-793679a6c4e8
1653981954548	Marionette	INFO	Listening on port 61219
Read port: 61219
JavaScript warning: https://hectorstatic.baidu.com/96c9c06653ba892e.js, line 3: WEBGL_debug_renderer_info is deprecated in Firefox and will be removed. Please use RENDERER.
1653981958554	Marionette	INFO	Stopped listening on port 61219

###!!! [Parent][PImageBridgeParent] Error: RunMessage(msgname=PImageBridge::Msg_WillClose) Channel closing: too late to send/recv, messages will be lost

1653982026532	geckodriver	INFO	Listening on 127.0.0.1:61341
1653982026538	mozrunner::runner	INFO	Running command: "/Applications/Firefox.app/Contents/MacOS/firefox-bin" "--marionette" "--remote-debugging-port" "61342" "--remote-allow-hosts" "localhost" "-foreground" "-no-remote" "-profile" "/var/folders/bw/kj4ypc7d29q_2w1hhr57_ddm0000gn/T/rust_mozprofilesmBfwG"
2022-05-31 15:27:06.769 plugin-container[27439:685956] nil host used in call to allowsSpecificHTTPSCertificateForHost
2022-05-31 15:27:06.769 plugin-container[27439:685956] nil host used in call to allowsAnyHTTPSCertificateForHost:
1653982026775	Marionette	INFO	Marionette enabled
2022-05-31 15:27:06.795 plugin-container[27439:685956] nil host used in call to allowsSpecificHTTPSCertificateForHost
2022-05-31 15:27:06.795 plugin-container[27439:685956] nil host used in call to allowsAnyHTTPSCertificateForHost:
2022-05-31 15:27:06.795 plugin-container[27439:685965] nil host used in call to allowsSpecificHTTPSCertificateForHost
2022-05-31 15:27:06.795 plugin-container[27439:685965] nil host used in call to allowsAnyHTTPSCertificateForHost:
UNSUPPORTED (log once): POSSIBLE ISSUE: unit 1 GLD_TEXTURE_INDEX_2D is unloadable and bound to sampler type (Float) - using zero texture because texture unloadable
console.warn: SearchSettings: "get: No settings file exists, new profile?" (new NotFoundError("Could not open the file at /var/folders/bw/kj4ypc7d29q_2w1hhr57_ddm0000gn/T/rust_mozprofilesmBfwG/search.json.mozlz4", (void 0)))
console.error: BackgroundUpdate: 
  _reasonsToNotScheduleUpdates: Failed to check for Maintenance Service Registry Key: [Exception... "Component returned failure code: 0x80004001 (NS_ERROR_NOT_IMPLEMENTED) [nsIUpdateProcessor.getServiceRegKeyExists]"  nsresult: "0x80004001 (NS_ERROR_NOT_IMPLEMENTED)"  location: "JS frame :: resource://gre/modules/BackgroundUpdate.jsm :: _reasonsToNotScheduleUpdates :: line 241"  data: no]
DevTools listening on ws://localhost:61342/devtools/browser/8962dfc6-ebb5-44ae-a338-c5d1ece82e54
1653982027711	Marionette	INFO	Listening on port 61351
Read port: 61351
JavaScript warning: https://hectorstatic.baidu.com/96c9c06653ba892e.js, line 3: WEBGL_debug_renderer_info is deprecated in Firefox and will be removed. Please use RENDERER.
1653982032350	Marionette	INFO	Stopped listening on port 61351
1653982158292	geckodriver	INFO	Listening on 127.0.0.1:61553
1653982158815	mozrunner::runner	INFO	Running command: "/Applications/Firefox.app/Contents/MacOS/firefox-bin" "--marionette" "--remote-debugging-port" "61554" "--remote-allow-hosts" "localhost" "-foreground" "-no-remote" "-profile" "/var/folders/bw/kj4ypc7d29q_2w1hhr57_ddm0000gn/T/rust_mozprofileXvIAag"
2022-05-31 15:29:19.167 plugin-container[27585:689060] nil host used in call to allowsSpecificHTTPSCertificateForHost
2022-05-31 15:29:19.167 plugin-container[27585:689060] nil host used in call to allowsAnyHTTPSCertificateForHost:
1653982159188	Marionette	INFO	Marionette enabled
2022-05-31 15:29:19.207 plugin-container[27585:689060] nil host used in call to allowsSpecificHTTPSCertificateForHost
2022-05-31 15:29:19.207 plugin-container[27585:689060] nil host used in call to allowsAnyHTTPSCertificateForHost:
2022-05-31 15:29:19.207 plugin-container[27585:689085] nil host used in call to allowsSpecificHTTPSCertificateForHost
2022-05-31 15:29:19.207 plugin-container[27585:689085] nil host used in call to allowsAnyHTTPSCertificateForHost:
UNSUPPORTED (log once): POSSIBLE ISSUE: unit 1 GLD_TEXTURE_INDEX_2D is unloadable and bound to sampler type (Float) - using zero texture because texture unloadable
console.warn: SearchSettings: "get: No settings file exists, new profile?" (new NotFoundError("Could not open the file at /var/folders/bw/kj4ypc7d29q_2w1hhr57_ddm0000gn/T/rust_mozprofileXvIAag/search.json.mozlz4", (void 0)))
console.error: BackgroundUpdate: 
  _reasonsToNotScheduleUpdates: Failed to check for Maintenance Service Registry Key: [Exception... "Component returned failure code: 0x80004001 (NS_ERROR_NOT_IMPLEMENTED) [nsIUpdateProcessor.getServiceRegKeyExists]"  nsresult: "0x80004001 (NS_ERROR_NOT_IMPLEMENTED)"  location: "JS frame :: resource://gre/modules/BackgroundUpdate.jsm :: _reasonsToNotScheduleUpdates :: line 241"  data: no]
DevTools listening on ws://localhost:61554/devtools/browser/11f0aa6e-365d-4fd5-aa9a-41338abd6ba2
1653982160298	Marionette	INFO	Listening on port 61564
Read port: 61564
JavaScript warning: https://hectorstatic.baidu.com/96c9c06653ba892e.js, line 3: WEBGL_debug_renderer_info is deprecated in Firefox and will be removed. Please use RENDERER.
1653982167015	Marionette	INFO	Stopped listening on port 61564

###!!! [Parent][PImageBridgeParent] Error: RunMessage(msgname=PImageBridge::Msg_WillClose) Channel closing: too late to send/recv, messages will be lost

1653982182563	geckodriver	INFO	Listening on 127.0.0.1:61622
1653982182570	mozrunner::runner	INFO	Running command: "/Applications/Firefox.app/Contents/MacOS/firefox-bin" "--marionette" "--remote-debugging-port" "61623" "--remote-allow-hosts" "localhost" "-foreground" "-no-remote" "-profile" "/var/folders/bw/kj4ypc7d29q_2w1hhr57_ddm0000gn/T/rust_mozprofileqwr373"
2022-05-31 15:29:42.799 plugin-container[27619:690016] nil host used in call to allowsSpecificHTTPSCertificateForHost
2022-05-31 15:29:42.799 plugin-container[27619:690016] nil host used in call to allowsAnyHTTPSCertificateForHost:
2022-05-31 15:29:42.801 plugin-container[27619:690016] nil host used in call to allowsSpecificHTTPSCertificateForHost
2022-05-31 15:29:42.801 plugin-container[27619:690016] nil host used in call to allowsAnyHTTPSCertificateForHost:
2022-05-31 15:29:42.801 plugin-container[27619:690022] nil host used in call to allowsSpecificHTTPSCertificateForHost
2022-05-31 15:29:42.801 plugin-container[27619:690022] nil host used in call to allowsAnyHTTPSCertificateForHost:
1653982182804	Marionette	INFO	Marionette enabled
UNSUPPORTED (log once): POSSIBLE ISSUE: unit 1 GLD_TEXTURE_INDEX_2D is unloadable and bound to sampler type (Float) - using zero texture because texture unloadable
console.warn: SearchSettings: "get: No settings file exists, new profile?" (new NotFoundError("Could not open the file at /var/folders/bw/kj4ypc7d29q_2w1hhr57_ddm0000gn/T/rust_mozprofileqwr373/search.json.mozlz4", (void 0)))
console.error: BackgroundUpdate: 
  _reasonsToNotScheduleUpdates: Failed to check for Maintenance Service Registry Key: [Exception... "Component returned failure code: 0x80004001 (NS_ERROR_NOT_IMPLEMENTED) [nsIUpdateProcessor.getServiceRegKeyExists]"  nsresult: "0x80004001 (NS_ERROR_NOT_IMPLEMENTED)"  location: "JS frame :: resource://gre/modules/BackgroundUpdate.jsm :: _reasonsToNotScheduleUpdates :: line 241"  data: no]
DevTools listening on ws://localhost:61623/devtools/browser/cf66d2e0-2369-4bc8-988d-47034d8babf6
1653982183746	Marionette	INFO	Listening on port 61632
Read port: 61632
1653982183819	RemoteAgent	WARN	TLS certificate errors will be ignored for this session
JavaScript warning: https://hectorstatic.baidu.com/96c9c06653ba892e.js, line 3: WEBGL_debug_renderer_info is deprecated in Firefox and will be removed. Please use RENDERER.
1653982186466	Marionette	INFO	Stopped listening on port 61632

###!!! [Parent][PImageBridgeParent] Error: RunMessage(msgname=PImageBridge::Msg_WillClose) Channel closing: too late to send/recv, messages will be lost

1653982258257	geckodriver	INFO	Listening on 127.0.0.1:61690
1653982258263	mozrunner::runner	INFO	Running command: "/Applications/Firefox.app/Contents/MacOS/firefox-bin" "--marionette" "--remote-debugging-port" "61691" "--remote-allow-hosts" "localhost" "-foreground" "-no-remote" "-profile" "/var/folders/bw/kj4ypc7d29q_2w1hhr57_ddm0000gn/T/rust_mozprofilevsmKV0"
2022-05-31 15:30:58.497 plugin-container[27697:691437] nil host used in call to allowsSpecificHTTPSCertificateForHost
2022-05-31 15:30:58.497 plugin-container[27697:691437] nil host used in call to allowsAnyHTTPSCertificateForHost:
1653982258501	Marionette	INFO	Marionette enabled
2022-05-31 15:30:58.520 plugin-container[27697:691437] nil host used in call to allowsSpecificHTTPSCertificateForHost
2022-05-31 15:30:58.520 plugin-container[27697:691437] nil host used in call to allowsAnyHTTPSCertificateForHost:
2022-05-31 15:30:58.520 plugin-container[27697:691435] nil host used in call to allowsSpecificHTTPSCertificateForHost
2022-05-31 15:30:58.520 plugin-container[27697:691435] nil host used in call to allowsAnyHTTPSCertificateForHost:
UNSUPPORTED (log once): POSSIBLE ISSUE: unit 1 GLD_TEXTURE_INDEX_2D is unloadable and bound to sampler type (Float) - using zero texture because texture unloadable
console.warn: SearchSettings: "get: No settings file exists, new profile?" (new NotFoundError("Could not open the file at /var/folders/bw/kj4ypc7d29q_2w1hhr57_ddm0000gn/T/rust_mozprofilevsmKV0/search.json.mozlz4", (void 0)))
console.error: BackgroundUpdate: 
  _reasonsToNotScheduleUpdates: Failed to check for Maintenance Service Registry Key: [Exception... "Component returned failure code: 0x80004001 (NS_ERROR_NOT_IMPLEMENTED) [nsIUpdateProcessor.getServiceRegKeyExists]"  nsresult: "0x80004001 (NS_ERROR_NOT_IMPLEMENTED)"  location: "JS frame :: resource://gre/modules/BackgroundUpdate.jsm :: _reasonsToNotScheduleUpdates :: line 241"  data: no]
DevTools listening on ws://localhost:61691/devtools/browser/856fa5c3-a4fe-4c68-9048-d3d90f374f92
1653982259435	Marionette	INFO	Listening on port 61701
Read port: 61701
1653982259524	RemoteAgent	WARN	TLS certificate errors will be ignored for this session
1653982260071	Marionette	INFO	Stopped listening on port 61701
JavaScript warning: https://hectorstatic.baidu.com/96c9c06653ba892e.js, line 3: WEBGL_debug_renderer_info is deprecated in Firefox and will be removed. Please use RENDERER.
JavaScript error: resource:///modules/FaviconLoader.jsm, line 598: InvalidStateError: JSWindowActorChild.sendAsyncMessage: JSWindowActorChild cannot send at the moment

###!!! [Parent][PContentParent] Error: Send(msgname=PContent::Msg_DestroyBrowsingContextGroup) Closed channel: cannot send/recv

